{"numTotalTestSuites":17,"numPassedTestSuites":17,"numFailedTestSuites":0,"numPendingTestSuites":0,"numTotalTests":56,"numPassedTests":56,"numFailedTests":0,"numPendingTests":0,"numTodoTests":0,"snapshot":{"added":0,"failure":false,"filesAdded":0,"filesRemoved":0,"filesRemovedList":[],"filesUnmatched":0,"filesUpdated":0,"matched":0,"total":0,"unchecked":0,"uncheckedKeysByFile":[],"unmatched":0,"updated":0,"didUpdate":false},"startTime":1775266374166,"success":true,"testResults":[{"assertionResults":[{"ancestorTitles":["auth.service (API client)"],"fullName":"auth.service (API client) positive: login returns LoginResponse","status":"passed","title":"positive: login returns LoginResponse","duration":1.4300409999999886,"failureMessages":[],"meta":{},"tags":[]},{"ancestorTitles":["auth.service (API client)"],"fullName":"auth.service (API client) negative: login surfaces errors.errorMessage","status":"passed","title":"negative: login surfaces errors.errorMessage","duration":0.6652499999999861,"failureMessages":[],"meta":{},"tags":[]},{"ancestorTitles":["auth.service (API client)"],"fullName":"auth.service (API client) negative: login uses top-level message when present","status":"passed","title":"negative: login uses top-level message when present","duration":0.4226250000000107,"failureMessages":[],"meta":{},"tags":[]},{"ancestorTitles":["auth.service (API client)"],"fullName":"auth.service (API client) positive: getProfile returns ProfileResponse","status":"passed","title":"positive: getProfile returns ProfileResponse","duration":0.8302920000000142,"failureMessages":[],"meta":{},"tags":[]},{"ancestorTitles":["auth.service (API client)"],"fullName":"auth.service (API client) negative: getProfile wraps HTTP errors in generic message","status":"passed","title":"negative: getProfile wraps HTTP errors in generic message","duration":2.7236669999999776,"failureMessages":[],"meta":{},"tags":[]},{"ancestorTitles":["auth.service (API client)"],"fullName":"auth.service (API client) positive: forgotPassword returns message from payload","status":"passed","title":"positive: forgotPassword returns message from payload","duration":0.6176669999999831,"failureMessages":[],"meta":{},"tags":[]},{"ancestorTitles":["auth.service (API client)"],"fullName":"auth.service (API client) negative: forgotPassword throws parseApiError","status":"passed","title":"negative: forgotPassword throws parseApiError","duration":0.24004199999998832,"failureMessages":[],"meta":{},"tags":[]},{"ancestorTitles":["auth.service (API client)"],"fullName":"auth.service (API client) positive: verifyOtp returns reset_token","status":"passed","title":"positive: verifyOtp returns reset_token","duration":0.15737500000000182,"failureMessages":[],"meta":{},"tags":[]},{"ancestorTitles":["auth.service (API client)"],"fullName":"auth.service (API client) negative: verifyOtp missing token","status":"passed","title":"negative: verifyOtp missing token","duration":0.6713340000000017,"failureMessages":[],"meta":{},"tags":[]},{"ancestorTitles":["auth.service (API client)"],"fullName":"auth.service (API client) positive: resetPassword succeeds on OK","status":"passed","title":"positive: resetPassword succeeds on OK","duration":0.24004200000001674,"failureMessages":[],"meta":{},"tags":[]},{"ancestorTitles":["auth.service (API client)"],"fullName":"auth.service (API client) negative: resetPassword throws on error body","status":"passed","title":"negative: resetPassword throws on error body","duration":0.15079099999999812,"failureMessages":[],"meta":{},"tags":[]}],"startTime":1775266374403,"endTime":1775266374412.151,"status":"passed","message":"","name":"/Users/abc/Downloads/sa/Online-course/tests/api/auth.service.test.ts"},{"assertionResults":[{"ancestorTitles":["course.service (API client)"],"fullName":"course.service (API client) positive: getCourses returns full response with many items (150)","status":"passed","title":"positive: getCourses returns full response with many items (150)","duration":1.9115419999999972,"failureMessages":[],"meta":{},"tags":[]},{"ancestorTitles":["course.service (API client)"],"fullName":"course.service (API client) positive: getCourses bulk payload (400 courses)","status":"passed","title":"positive: getCourses bulk payload (400 courses)","duration":0.5317090000000064,"failureMessages":[],"meta":{},"tags":[]},{"ancestorTitles":["course.service (API client)"],"fullName":"course.service (API client) negative: getCourses throws with errors.errorMessage","status":"passed","title":"negative: getCourses throws with errors.errorMessage","duration":1.0617089999999791,"failureMessages":[],"meta":{},"tags":[]},{"ancestorTitles":["course.service (API client)"],"fullName":"course.service (API client) positive: getCourseById","status":"passed","title":"positive: getCourseById","duration":0.393416000000002,"failureMessages":[],"meta":{},"tags":[]},{"ancestorTitles":["course.service (API client)"],"fullName":"course.service (API client) positive: createCourse trims name and description","status":"passed","title":"positive: createCourse trims name and description","duration":0.2685000000000173,"failureMessages":[],"meta":{},"tags":[]},{"ancestorTitles":["course.service (API client)"],"fullName":"course.service (API client) positive: updateCourse sends is_active and course_status","status":"passed","title":"positive: updateCourse sends is_active and course_status","duration":0.14845800000000509,"failureMessages":[],"meta":{},"tags":[]},{"ancestorTitles":["course.service (API client)"],"fullName":"course.service (API client) positive: deleteCourse","status":"passed","title":"positive: deleteCourse","duration":0.17712499999998954,"failureMessages":[],"meta":{},"tags":[]}],"startTime":1775266374403,"endTime":1775266374408.1772,"status":"passed","message":"","name":"/Users/abc/Downloads/sa/Online-course/tests/api/course.service.test.ts"},{"assertionResults":[{"ancestorTitles":["group.service (API client)"],"fullName":"group.service (API client) positive: getAllGroups returns payload with large item set (200)","status":"passed","title":"positive: getAllGroups returns payload with large item set (200)","duration":3.0741250000000093,"failureMessages":[],"meta":{},"tags":[]},{"ancestorTitles":["group.service (API client)"],"fullName":"group.service (API client) positive: getAllGroups stress payload (500 groups)","status":"passed","title":"positive: getAllGroups stress payload (500 groups)","duration":1.2201670000000036,"failureMessages":[],"meta":{},"tags":[]},{"ancestorTitles":["group.service (API client)"],"fullName":"group.service (API client) positive: getAllGroups passes sort params","status":"passed","title":"positive: getAllGroups passes sort params","duration":0.45066600000001245,"failureMessages":[],"meta":{},"tags":[]},{"ancestorTitles":["group.service (API client)"],"fullName":"group.service (API client) negative: getAllGroups throws on 401 with JSON message","status":"passed","title":"negative: getAllGroups throws on 401 with JSON message","duration":0.6046249999999986,"failureMessages":[],"meta":{},"tags":[]},{"ancestorTitles":["group.service (API client)"],"fullName":"group.service (API client) negative: getAllGroups throws on non-JSON error body","status":"passed","title":"negative: getAllGroups throws on non-JSON error body","duration":0.22904199999999264,"failureMessages":[],"meta":{},"tags":[]},{"ancestorTitles":["group.service (API client)"],"fullName":"group.service (API client) positive: getGroupById returns group","status":"passed","title":"positive: getGroupById returns group","duration":0.12424999999998931,"failureMessages":[],"meta":{},"tags":[]},{"ancestorTitles":["group.service (API client)"],"fullName":"group.service (API client) negative: getGroupById 404","status":"passed","title":"negative: getGroupById 404","duration":0.16216700000001083,"failureMessages":[],"meta":{},"tags":[]},{"ancestorTitles":["group.service (API client)"],"fullName":"group.service (API client) positive: createGroup POST body and returns payload","status":"passed","title":"positive: createGroup POST body and returns payload","duration":0.19999999999998863,"failureMessages":[],"meta":{},"tags":[]},{"ancestorTitles":["group.service (API client)"],"fullName":"group.service (API client) negative: createGroup validation error","status":"passed","title":"negative: createGroup validation error","duration":0.48212499999999636,"failureMessages":[],"meta":{},"tags":[]},{"ancestorTitles":["group.service (API client)"],"fullName":"group.service (API client) positive: updateGroup PUT","status":"passed","title":"positive: updateGroup PUT","duration":0.16370800000001395,"failureMessages":[],"meta":{},"tags":[]},{"ancestorTitles":["group.service (API client)"],"fullName":"group.service (API client) positive: deleteGroup DELETE without body","status":"passed","title":"positive: deleteGroup DELETE without body","duration":0.13375000000002046,"failureMessages":[],"meta":{},"tags":[]},{"ancestorTitles":["group.service (API client)"],"fullName":"group.service (API client) positive: addGroupMember POST user_id","status":"passed","title":"positive: addGroupMember POST user_id","duration":0.09262499999999818,"failureMessages":[],"meta":{},"tags":[]},{"ancestorTitles":["group.service (API client)"],"fullName":"group.service (API client) positive: removeGroupMember DELETE correct path","status":"passed","title":"positive: removeGroupMember DELETE correct path","duration":0.1014160000000004,"failureMessages":[],"meta":{},"tags":[]},{"ancestorTitles":["group.service (API client)"],"fullName":"group.service (API client) positive: addGroupCourse POST course_id","status":"passed","title":"positive: addGroupCourse POST course_id","duration":0.09041699999997377,"failureMessages":[],"meta":{},"tags":[]},{"ancestorTitles":["group.service (API client)"],"fullName":"group.service (API client) positive: removeGroupCourse DELETE path","status":"passed","title":"positive: removeGroupCourse DELETE path","duration":0.1123749999999859,"failureMessages":[],"meta":{},"tags":[]},{"ancestorTitles":["group.service (API client)"],"fullName":"group.service (API client) positive: getGroupCourseIdsByUser returns array","status":"passed","title":"positive: getGroupCourseIdsByUser returns array","duration":0.18241699999998673,"failureMessages":[],"meta":{},"tags":[]},{"ancestorTitles":["group.service (API client)"],"fullName":"group.service (API client) positive: getGroupCourseIdsByUser empty payload becomes []","status":"passed","title":"positive: getGroupCourseIdsByUser empty payload becomes []","duration":0.12545800000000895,"failureMessages":[],"meta":{},"tags":[]}],"startTime":1775266374404,"endTime":1775266374411.1824,"status":"passed","message":"","name":"/Users/abc/Downloads/sa/Online-course/tests/api/group.service.test.ts"},{"assertionResults":[{"ancestorTitles":["auth Zod schemas (frontend validation)","loginSchema"],"fullName":"auth Zod schemas (frontend validation) loginSchema positive: valid email and password","status":"passed","title":"positive: valid email and password","duration":1.2822920000000124,"failureMessages":[],"meta":{},"tags":[]},{"ancestorTitles":["auth Zod schemas (frontend validation)","loginSchema"],"fullName":"auth Zod schemas (frontend validation) loginSchema negative: invalid email","status":"passed","title":"negative: invalid email","duration":0.24758299999999167,"failureMessages":[],"meta":{},"tags":[]},{"ancestorTitles":["auth Zod schemas (frontend validation)","loginSchema"],"fullName":"auth Zod schemas (frontend validation) loginSchema negative: password too short","status":"passed","title":"negative: password too short","duration":0.1547079999999994,"failureMessages":[],"meta":{},"tags":[]},{"ancestorTitles":["auth Zod schemas (frontend validation)","registerSchema"],"fullName":"auth Zod schemas (frontend validation) registerSchema positive: matching passwords and long name","status":"passed","title":"positive: matching passwords and long name","duration":0.23033300000000168,"failureMessages":[],"meta":{},"tags":[]},{"ancestorTitles":["auth Zod schemas (frontend validation)","registerSchema"],"fullName":"auth Zod schemas (frontend validation) registerSchema negative: name too short","status":"passed","title":"negative: name too short","duration":0.09545899999997687,"failureMessages":[],"meta":{},"tags":[]},{"ancestorTitles":["auth Zod schemas (frontend validation)","registerSchema"],"fullName":"auth Zod schemas (frontend validation) registerSchema negative: password mismatch","status":"passed","title":"negative: password mismatch","duration":0.08937500000001819,"failureMessages":[],"meta":{},"tags":[]},{"ancestorTitles":["auth Zod schemas (frontend validation)","forgotPasswordSchema"],"fullName":"auth Zod schemas (frontend validation) forgotPasswordSchema positive: valid email","status":"passed","title":"positive: valid email","duration":0.12641700000000355,"failureMessages":[],"meta":{},"tags":[]},{"ancestorTitles":["auth Zod schemas (frontend validation)","forgotPasswordSchema"],"fullName":"auth Zod schemas (frontend validation) forgotPasswordSchema negative: invalid email","status":"passed","title":"negative: invalid email","duration":0.0759999999999934,"failureMessages":[],"meta":{},"tags":[]},{"ancestorTitles":["auth Zod schemas (frontend validation)","otpVerifySchema"],"fullName":"auth Zod schemas (frontend validation) otpVerifySchema positive: 6 digits","status":"passed","title":"positive: 6 digits","duration":0.43454099999999585,"failureMessages":[],"meta":{},"tags":[]},{"ancestorTitles":["auth Zod schemas (frontend validation)","otpVerifySchema"],"fullName":"auth Zod schemas (frontend validation) otpVerifySchema negative: wrong length","status":"passed","title":"negative: wrong length","duration":0.11600000000001387,"failureMessages":[],"meta":{},"tags":[]},{"ancestorTitles":["auth Zod schemas (frontend validation)","changePasswordSchema"],"fullName":"auth Zod schemas (frontend validation) changePasswordSchema positive","status":"passed","title":"positive","duration":0.1594169999999906,"failureMessages":[],"meta":{},"tags":[]},{"ancestorTitles":["auth Zod schemas (frontend validation)","changePasswordSchema"],"fullName":"auth Zod schemas (frontend validation) changePasswordSchema negative: mismatch","status":"passed","title":"negative: mismatch","duration":0.09829200000001492,"failureMessages":[],"meta":{},"tags":[]}],"startTime":1775266374408,"endTime":1775266374412.0984,"status":"passed","message":"","name":"/Users/abc/Downloads/sa/Online-course/tests/frontend/auth-schemas.test.ts"},{"assertionResults":[{"ancestorTitles":["category-utils (frontend helpers)"],"fullName":"category-utils (frontend helpers) positive: mapCourseToCard maps snake_case API fields","status":"passed","title":"positive: mapCourseToCard maps snake_case API fields","duration":0.5786669999999958,"failureMessages":[],"meta":{},"tags":[]},{"ancestorTitles":["category-utils (frontend helpers)"],"fullName":"category-utils (frontend helpers) positive: mapCourseToCard handles many alternate keys","status":"passed","title":"positive: mapCourseToCard handles many alternate keys","duration":0.11720800000000509,"failureMessages":[],"meta":{},"tags":[]},{"ancestorTitles":["category-utils (frontend helpers)"],"fullName":"category-utils (frontend helpers) negative: mapCourseToCard empty object uses fallbacks","status":"passed","title":"negative: mapCourseToCard empty object uses fallbacks","duration":0.0589170000000081,"failureMessages":[],"meta":{},"tags":[]},{"ancestorTitles":["category-utils (frontend helpers)"],"fullName":"category-utils (frontend helpers) positive: getIconComponent known key","status":"passed","title":"positive: getIconComponent known key","duration":0.05099999999998772,"failureMessages":[],"meta":{},"tags":[]},{"ancestorTitles":["category-utils (frontend helpers)"],"fullName":"category-utils (frontend helpers) negative: getIconComponent unknown falls back to Code2","status":"passed","title":"negative: getIconComponent unknown falls back to Code2","duration":0.08949999999998681,"failureMessages":[],"meta":{},"tags":[]},{"ancestorTitles":["category-utils (frontend helpers)"],"fullName":"category-utils (frontend helpers) positive: getColorClass known color","status":"passed","title":"positive: getColorClass known color","duration":0.06987499999999613,"failureMessages":[],"meta":{},"tags":[]},{"ancestorTitles":["category-utils (frontend helpers)"],"fullName":"category-utils (frontend helpers) negative: getColorClass unknown falls back gray","status":"passed","title":"negative: getColorClass unknown falls back gray","duration":0.06675000000001319,"failureMessages":[],"meta":{},"tags":[]}],"startTime":1775266374438,"endTime":1775266374439.1172,"status":"passed","message":"","name":"/Users/abc/Downloads/sa/Online-course/tests/frontend/category-utils.test.ts"},{"assertionResults":[{"ancestorTitles":["Logo components"],"fullName":"Logo components positive: Logo renders svg","status":"passed","title":"positive: Logo renders svg","duration":11.663999999999987,"failureMessages":[],"meta":{},"tags":[]},{"ancestorTitles":["Logo components"],"fullName":"Logo components positive: LogoIcon renders with uniColor","status":"passed","title":"positive: LogoIcon renders with uniColor","duration":2.1220409999999674,"failureMessages":[],"meta":{},"tags":[]}],"startTime":1775266374792,"endTime":1775266374805.122,"status":"passed","message":"","name":"/Users/abc/Downloads/sa/Online-course/tests/frontend/logo.test.tsx"}]}